[Thu, 04 Apr 2024 17:36:19 +06] aitu: aitu: 1

[Thu, 04 Apr 2024 17:36:22 +06] s: s: s

[Thu, 04 Apr 2024 17:36:25 +06] s: s: 2

[Thu, 04 Apr 2024 17:36:26 +06] s: s: 2

[Thu, 04 Apr 2024 17:36:27 +06] s: s: 12we

[Thu, 04 Apr 2024 17:36:29 +06] s: s: ddd

[Thu, 04 Apr 2024 17:37:32 +06] aitu: e

[Thu, 04 Apr 2024 17:37:35 +06] aitu: : %!s(MISSING)d

[Thu, 04 Apr 2024 17:37:36 +06] aitu: : %!s(MISSING)d

[Thu, 04 Apr 2024 17:37:36 +06] aitu: : %!s(MISSING)d

[Thu, 04 Apr 2024 17:37:36 +06] aitu: : %!s(MISSING)d

[Thu, 04 Apr 2024 17:37:37 +06] aitu: : %!s(MISSING)dd

[Thu, 04 Apr 2024 17:37:38 +06] aitu: : %!s(MISSING)d

[Thu, 04 Apr 2024 17:37:38 +06] aitu: : %!s(MISSING)d

[Thu, 04 Apr 2024 17:38:00 +06] aitu: : %!s(MISSING)d

[Thu, 04 Apr 2024 17:39:13 +06] Diyar: hello Aitu

[Thu, 04 Apr 2024 17:39:35 +06] Aitu: hello Diyar, how are u?

[Thu, 04 Apr 2024 17:39:54 +06] Diyar: good, how are u too?

[Thu, 04 Apr 2024 17:45:57 +06] Diyar: d

[Thu, 04 Apr 2024 17:45:59 +06] Aitu: d

